
  .   ____          _            __ _ _
 /\\ / ___'_ __ _ _(_)_ __  __ _ \ \ \ \
( ( )\___ | '_ | '_| | '_ \/ _` | \ \ \ \
 \\/  ___)| |_)| | | | | || (_| |  ) ) ) )
  '  |____| .__|_| |_|_| |_\__, | / / / /
 =========|_|==============|___/=/_/_/_/

 :: Spring Boot ::                (v3.4.4)

2026-05-13 13:39:33.709 INFO  [main] com.kbd.pms.KbdPmSystemApplication : Starting KbdPmSystemApplication using Java 21.0.8 with PID 28112 (D:\KBDProjectManagerment\backend\target\classes started by Thinkpad in d:\KBDProjectManagerment\backend)
2026-05-13 13:39:33.717 INFO  [main] com.kbd.pms.KbdPmSystemApplication : No active profile set, falling back to 1 default profile: "default"
2026-05-13 13:39:36.998 INFO  [main] o.s.d.r.c.RepositoryConfigurationDelegate : Bootstrapping Spring Data JPA repositories in DEFAULT mode.
2026-05-13 13:39:37.453 INFO  [main] o.s.d.r.c.RepositoryConfigurationDelegate : Finished Spring Data repository scanning in 413 ms. Found 25 JPA repository interfaces.
2026-05-13 13:39:40.085 INFO  [main] o.a.catalina.core.StandardService : Starting service [Tomcat]
2026-05-13 13:39:40.085 INFO  [main] o.a.catalina.core.StandardEngine : Starting Servlet engine: [Apache Tomcat/10.1.39]
2026-05-13 13:39:40.333 INFO  [main] o.a.c.c.C.[Tomcat].[localhost].[/] : Initializing Spring embedded WebApplicationContext
2026-05-13 13:39:40.835 INFO  [main] o.h.jpa.internal.util.LogHelper : HHH000204: Processing PersistenceUnitInfo [name: default]
2026-05-13 13:39:41.054 INFO  [main] org.hibernate.Version : HHH000412: Hibernate ORM core version 6.6.11.Final
2026-05-13 13:39:41.201 INFO  [main] o.h.c.i.RegionFactoryInitiator : HHH000026: Second-level cache disabled
2026-05-13 13:39:42.355 INFO  [main] o.s.o.j.p.SpringPersistenceUnitInfo : No LoadTimeWeaver setup: ignoring JPA class transformer
2026-05-13 13:39:42.474 INFO  [main] com.zaxxer.hikari.HikariDataSource : HikariPool-1 - Starting...
2026-05-13 13:39:43.149 INFO  [main] com.zaxxer.hikari.pool.HikariPool : HikariPool-1 - Added connection com.mysql.cj.jdbc.ConnectionImpl@55d1f065
2026-05-13 13:39:43.153 INFO  [main] com.zaxxer.hikari.HikariDataSource : HikariPool-1 - Start completed.
2026-05-13 13:39:43.333 WARN  [main] org.hibernate.orm.deprecation : HHH90000025: MySQLDialect does not need to be specified explicitly using 'hibernate.dialect' (remove the property setting and it will be selected by default)
2026-05-13 13:39:43.415 INFO  [main] o.hibernate.orm.connections.pooling : HHH10001005: Database info:
	Database JDBC URL [Connecting through datasource 'HikariDataSource (HikariPool-1)']
	Database driver: undefined/unknown
	Database version: 8.0.43
	Autocommit mode: undefined/unknown
	Isolation level: undefined/unknown
	Minimum pool size: undefined/unknown
	Maximum pool size: undefined/unknown
2026-05-13 13:39:50.417 INFO  [main] o.h.e.t.j.p.i.JtaPlatformInitiator : HHH000489: No JTA platform available (set 'hibernate.transaction.jta.platform' to enable JTA platform integration)
2026-05-13 13:39:50.659 INFO  [main] o.s.o.j.LocalContainerEntityManagerFactoryBean : Initialized JPA EntityManagerFactory for persistence unit 'default'
2026-05-13 13:39:52.279 INFO  [main] o.s.d.j.r.query.QueryEnhancerFactory : Hibernate is in classpath; If applicable, HQL parser will be used.
2026-05-13 13:40:01.767 INFO  [main] o.s.s.c.a.a.c.InitializeUserDetailsBeanManagerConfigurer$InitializeUserDetailsManagerConfigurer : Global AuthenticationManager configured with UserDetailsService bean with name userService
2026-05-13 13:40:05.904 INFO  [main] com.kbd.pms.KbdPmSystemApplication : Started KbdPmSystemApplication in 33.98 seconds (process running for 36.139)
2026-05-13 13:50:06.298 INFO  [http-nio-8080-exec-1] o.a.c.c.C.[Tomcat].[localhost].[/] : Initializing Spring DispatcherServlet 'dispatcherServlet'
[ERROR] Failed to execute goal org.springframework.boot:spring-boot-maven-plugin:3.4.4:run (default-cli) on project kbd-pm-system-backend: Process terminated with exit code: 1 -> [Help 1]
[ERROR] 
[ERROR] To see the full stack trace of the errors, re-run Maven with the -e switch.
[ERROR] Re-run Maven using the -X switch to enable full debug logging.
[ERROR] 
[ERROR] For more information about the errors and possible solutions, please read the following articles:
[ERROR] [Help 1] http://cwiki.apache.org/confluence/display/MAVEN/MojoExecutionException

d:\KBDProjectManagerment\backend>